<?xml version="1.0" encoding="UTF-8"?>
<testsuite name="advancedTests.TestStart" tests="1" skipped="0" failures="0" errors="0" timestamp="2021-09-01T14:50:36" hostname="MacBook-Pro-pinhas.local" time="3.535">
  <properties/>
  <testcase name="dragDownCountTest" classname="advancedTests.TestStart" time="3.535"/>
  <system-out><![CDATA[]]></system-out>
  <system-err><![CDATA[]]></system-err>
</testsuite>
